<?xml version="1.0" encoding="UTF-8"?>
<!-- Generated by org.testng.reporters.JUnitReportReporter -->
<testsuite hostname="SASIHAR-PC" failures="0" tests="1" name="_S_05_25_TestNG.moverload_methodclassTest_IT_ST" time="0.022" errors="0" timestamp="2024-08-17T14:25:43 IST" skipped="0">
  <testcase classname="_S_05_25_TestNG.moverload_methodclassTest_IT_ST" name="f" time="0.022"/>
  <system-out/>
</testsuite> <!-- _S_05_25_TestNG.moverload_methodclassTest_IT_ST -->
