<?xml version="1.0" encoding="UTF-8"?>
<!-- Generated by org.testng.reporters.JUnitReportReporter -->
<testsuite hostname="SASIHAR-PC" failures="0" tests="1" name="_S_05_25_TestNG.moverload_NewTest_IT_ST" time="0.027" errors="0" timestamp="2024-08-17T14:21:34 IST" skipped="0">
  <testcase classname="_S_05_25_TestNG.moverload_NewTest_IT_ST" name="f" time="0.027"/>
  <system-out/>
</testsuite> <!-- _S_05_25_TestNG.moverload_NewTest_IT_ST -->
