<?xml version="1.0" encoding="UTF-8"?>
<!-- Generated by org.testng.reporters.JUnitReportReporter -->
<testsuite hostname="SASIHAR-PC" failures="0" tests="1" name="_S_05_25_TestNG.NewTest_Parthasarthy" time="0.026" errors="0" timestamp="2024-08-17T14:23:49 IST" skipped="0">
  <testcase classname="_S_05_25_TestNG.NewTest_Parthasarthy" name="f" time="0.026"/>
  <system-out/>
</testsuite> <!-- _S_05_25_TestNG.NewTest_Parthasarthy -->
